<?xml version="1.0" encoding="UTF-8"?>
<!-- Generated by org.testng.reporters.JUnitReportReporter -->
<testsuite hostname="DESKTOP-379HBJB" failures="0" tests="1" name="Task.Assement1" time="31.730" errors="0" timestamp="15 Jun 2024 02:29:21 GMT" skipped="0">
  <testcase classname="Task.Assement1" name="Search_the_product" time="31.730"/>
</testsuite> <!-- Task.Assement1 -->
